*** Using Compiler 'V6.14', folder: 'C:\KEIL\KEIL-CODE\ARM\ARMCLANG\Bin'
Rebuild target 'P2 Beep'
compiling stm32f1xx_hal_gpio_ex.c...
compiling stm32f1xx_hal_msp.c...
compiling stm32f1xx_hal_gpio.c...
compiling stm32f1xx_hal.c...
compiling stm32f1xx_hal_tim_ex.c...
compiling main.c...
compiling stm32f1xx_hal_tim.c...
compiling stm32f1xx_it.c...
assembling startup_stm32f103xe.s...
compiling stm32f1xx_hal_rcc_ex.c...
compiling stm32f1xx_hal_rcc.c...
compiling stm32f1xx_hal_cortex.c...
compiling stm32f1xx_hal_pwr.c...
compiling system_stm32f1xx.c...
compiling stm32f1xx_hal_dma.c...
compiling stm32f1xx_hal_exti.c...
compiling stm32f1xx_hal_flash.c...
compiling stm32f1xx_hal_flash_ex.c...
linking...
Program Size: Code=1032 RO-data=336 RW-data=8 ZI-data=1032  
FromELF: creating hex file...
"P2 Beep\P2 Beep.axf" - 0 Error(s), 0 Warning(s).
Build Time Elapsed:  00:00:06
